<?xml version="1.0" encoding="UTF-8"?>
<testng-results skipped="0" failed="0" total="11" passed="11">
  <reporter-output>
  </reporter-output>
  <suite name="Suite A" duration-ms="4717" started-at="2015-08-31T14:12:17Z" finished-at="2015-08-31T14:12:21Z">
    <groups>
    </groups>
    <test name="Test A1" duration-ms="4717" started-at="2015-08-31T14:12:17Z" finished-at="2015-08-31T14:12:21Z">
      <class name="com.qtpselenium.framework.SuiteA.TestA1">
        <test-method status="PASS" signature="initializeTest()" name="initializeTest" is-config="true" duration-ms="327" started-at="2015-08-31T14:12:17Z" finished-at="2015-08-31T14:12:17Z">
        </test-method>
        <test-method status="PASS" signature="SetUpDbConnection(java.util.Hashtable)" name="SetUpDbConnection" duration-ms="810" started-at="2015-08-31T14:12:20Z" finished-at="2015-08-31T14:12:20Z">
          <params>
            <param index="0">
              <value>
                <![CDATA[{password=postgres, Runmode=Y, Iteration=1, driver=org.postgresql.Driver, ipaddress=10.37.4.140:5432, database=vidhya, username=postgres}]]>
              </value>
            </param>
          </params>
        </test-method>
        <test-method status="PASS" signature="ActiveShowsCountTest(java.util.Hashtable)" name="ActiveShowsCountTest" duration-ms="269" started-at="2015-08-31T14:12:21Z" depends-on-methods="com.qtpselenium.framework.SuiteA.TestA1.SetUpDbConnection" finished-at="2015-08-31T14:12:21Z">
          <params>
            <param index="0">
              <value>
                <![CDATA[{Runmode=Y, Iteration=1, query=select count(*) from tbl_sharelink where playname<>''}]]>
              </value>
            </param>
          </params>
        </test-method>
        <test-method status="PASS" signature="ActiveShowsListTest(java.util.Hashtable)" name="ActiveShowsListTest" duration-ms="57" started-at="2015-08-31T14:12:21Z" depends-on-methods="com.qtpselenium.framework.SuiteA.TestA1.SetUpDbConnection" finished-at="2015-08-31T14:12:21Z">
          <params>
            <param index="0">
              <value>
                <![CDATA[{Runmode=Y, Iteration=1, query=select playname from tbl_sharelink where playname<>''}]]>
              </value>
            </param>
          </params>
        </test-method>
        <test-method status="PASS" signature="GetAsset_Shows_Users_Count(java.util.Hashtable)" name="GetAsset_Shows_Users_Count" duration-ms="87" started-at="2015-08-31T14:12:21Z" depends-on-methods="com.qtpselenium.framework.SuiteA.TestA1.SetUpDbConnection" finished-at="2015-08-31T14:12:21Z">
          <params>
            <param index="0">
              <value>
                <![CDATA[{Runmode=Y, Iteration=1, query=select count(*) from tbl_assets}]]>
              </value>
            </param>
          </params>
        </test-method>
        <test-method status="PASS" signature="GetAsset_Shows_Users_Count(java.util.Hashtable)" name="GetAsset_Shows_Users_Count" duration-ms="60" started-at="2015-08-31T14:12:21Z" depends-on-methods="com.qtpselenium.framework.SuiteA.TestA1.SetUpDbConnection" finished-at="2015-08-31T14:12:21Z">
          <params>
            <param index="0">
              <value>
                <![CDATA[{Runmode=Y, Iteration=2, query=select count(*) from tbl_user}]]>
              </value>
            </param>
          </params>
        </test-method>
        <test-method status="PASS" signature="GetAsset_Shows_Users_Count(java.util.Hashtable)" name="GetAsset_Shows_Users_Count" duration-ms="60" started-at="2015-08-31T14:12:21Z" depends-on-methods="com.qtpselenium.framework.SuiteA.TestA1.SetUpDbConnection" finished-at="2015-08-31T14:12:21Z">
          <params>
            <param index="0">
              <value>
                <![CDATA[{Runmode=Y, Iteration=3, query=select count(*) from tbl_sharelink}]]>
              </value>
            </param>
          </params>
        </test-method>
        <test-method status="PASS" signature="GetAsset_Shows_Users_Count(java.util.Hashtable)" name="GetAsset_Shows_Users_Count" duration-ms="37" started-at="2015-08-31T14:12:21Z" depends-on-methods="com.qtpselenium.framework.SuiteA.TestA1.SetUpDbConnection" finished-at="2015-08-31T14:12:21Z">
          <params>
            <param index="0">
              <value>
                <![CDATA[{Runmode=Y, Iteration=4, query=select count(*) from tbl_sharelink where playname<>''}]]>
              </value>
            </param>
          </params>
        </test-method>
        <test-method status="PASS" signature="GetAssetsinShowTest(java.util.Hashtable)" name="GetAssetsinShowTest" duration-ms="61" started-at="2015-08-31T14:12:21Z" depends-on-methods="com.qtpselenium.framework.SuiteA.TestA1.SetUpDbConnection" finished-at="2015-08-31T14:12:21Z">
          <params>
            <param index="0">
              <value>
                <![CDATA[{showname=Buffalo Photos, Runmode=Y, Iteration=1}]]>
              </value>
            </param>
          </params>
        </test-method>
        <test-method status="PASS" signature="GetAssetsinShowTest(java.util.Hashtable)" name="GetAssetsinShowTest" duration-ms="44" started-at="2015-08-31T14:12:21Z" depends-on-methods="com.qtpselenium.framework.SuiteA.TestA1.SetUpDbConnection" finished-at="2015-08-31T14:12:21Z">
          <params>
            <param index="0">
              <value>
                <![CDATA[{showname=Photoshoot, Runmode=Y, Iteration=2}]]>
              </value>
            </param>
          </params>
        </test-method>
        <test-method status="PASS" signature="GetAssetsinShowTest(java.util.Hashtable)" name="GetAssetsinShowTest" duration-ms="38" started-at="2015-08-31T14:12:21Z" depends-on-methods="com.qtpselenium.framework.SuiteA.TestA1.SetUpDbConnection" finished-at="2015-08-31T14:12:21Z">
          <params>
            <param index="0">
              <value>
                <![CDATA[{showname=Jasper, Runmode=Y, Iteration=3}]]>
              </value>
            </param>
          </params>
        </test-method>
        <test-method status="PASS" signature="CloseDbConnection(java.util.Hashtable)" name="CloseDbConnection" duration-ms="67" started-at="2015-08-31T14:12:21Z" finished-at="2015-08-31T14:12:21Z">
          <params>
            <param index="0">
              <value>
                <![CDATA[{Runmode=Y, Iteration=1, query=}]]>
              </value>
            </param>
          </params>
        </test-method>
      </class>
    </test>
  </suite>
</testng-results>
