<?xml version="1.0" encoding="UTF-8"?>
<testsuite hostname="Lenovo-PC" name="com.qtpselenium.framework.SuiteA.TestA1" tests="7" failures="5" timestamp="21 Aug 2015 09:21:14 GMT" time="5.505" errors="0">
  <testcase name="ActiveShowsTest" time="0.12" classname="com.qtpselenium.framework.SuiteA.TestA1">
    <failure type="java.lang.NullPointerException">
      <![CDATA[java.lang.NullPointerException
	at com.qtpselenium.framework.Util.Keywords.getShows(Keywords.java:161)
	at com.qtpselenium.framework.Util.Keywords.executeKeywords(Keywords.java:92)
	at com.qtpselenium.framework.SuiteA.TestA1.ActiveShowsTest(TestA1.java:58)
	at java.util.concurrent.ThreadPoolExecutor.runWorker(ThreadPoolExecutor.java:1142)
	at java.util.concurrent.ThreadPoolExecutor$Worker.run(ThreadPoolExecutor.java:617)
	at java.lang.Thread.run(Thread.java:745)
... Removed 17 stack frames]]>
    </failure>
  </testcase>
  <testcase name="testA1" time="0.471" classname="com.qtpselenium.framework.SuiteA.TestA1"/>
  <testcase name="testA2" time="0.37" classname="com.qtpselenium.framework.SuiteA.TestA1">
    <failure type="java.lang.NullPointerException">
      <![CDATA[java.lang.NullPointerException
	at com.qtpselenium.framework.Util.Keywords.getAssets(Keywords.java:143)
	at com.qtpselenium.framework.Util.Keywords.executeKeywords(Keywords.java:95)
	at com.qtpselenium.framework.SuiteA.TestA1.testA2(TestA1.java:46)
	at java.util.concurrent.ThreadPoolExecutor.runWorker(ThreadPoolExecutor.java:1142)
	at java.util.concurrent.ThreadPoolExecutor$Worker.run(ThreadPoolExecutor.java:617)
	at java.lang.Thread.run(Thread.java:745)
... Removed 17 stack frames]]>
    </failure>
  </testcase>
  <testcase name="testA2" time="1.132" classname="com.qtpselenium.framework.SuiteA.TestA1">
    <failure type="java.lang.NullPointerException">
      <![CDATA[java.lang.NullPointerException
	at com.qtpselenium.framework.Util.Keywords.getAssets(Keywords.java:143)
	at com.qtpselenium.framework.Util.Keywords.executeKeywords(Keywords.java:95)
	at com.qtpselenium.framework.SuiteA.TestA1.testA2(TestA1.java:46)
	at java.util.concurrent.ThreadPoolExecutor.runWorker(ThreadPoolExecutor.java:1142)
	at java.util.concurrent.ThreadPoolExecutor$Worker.run(ThreadPoolExecutor.java:617)
	at java.lang.Thread.run(Thread.java:745)
... Removed 17 stack frames]]>
    </failure>
  </testcase>
  <testcase name="testA2" time="0.075" classname="com.qtpselenium.framework.SuiteA.TestA1">
    <failure type="java.lang.NullPointerException">
      <![CDATA[java.lang.NullPointerException
	at com.qtpselenium.framework.Util.Keywords.getAssets(Keywords.java:143)
	at com.qtpselenium.framework.Util.Keywords.executeKeywords(Keywords.java:95)
	at com.qtpselenium.framework.SuiteA.TestA1.testA2(TestA1.java:46)
	at java.util.concurrent.ThreadPoolExecutor.runWorker(ThreadPoolExecutor.java:1142)
	at java.util.concurrent.ThreadPoolExecutor$Worker.run(ThreadPoolExecutor.java:617)
	at java.lang.Thread.run(Thread.java:745)
... Removed 17 stack frames]]>
    </failure>
  </testcase>
  <testcase name="testA2" time="0.758" classname="com.qtpselenium.framework.SuiteA.TestA1">
    <failure type="java.lang.NullPointerException">
      <![CDATA[java.lang.NullPointerException
	at com.qtpselenium.framework.Util.Keywords.getAssets(Keywords.java:143)
	at com.qtpselenium.framework.Util.Keywords.executeKeywords(Keywords.java:95)
	at com.qtpselenium.framework.SuiteA.TestA1.testA2(TestA1.java:46)
	at java.util.concurrent.ThreadPoolExecutor.runWorker(ThreadPoolExecutor.java:1142)
	at java.util.concurrent.ThreadPoolExecutor$Worker.run(ThreadPoolExecutor.java:617)
	at java.lang.Thread.run(Thread.java:745)
... Removed 17 stack frames]]>
    </failure>
  </testcase>
  <testcase name="testA4" time="1.013" classname="com.qtpselenium.framework.SuiteA.TestA1"/>
</testsuite>
