<?xml version="1.0" encoding="UTF-8"?>
<testsuite hostname="windows7-PC" name="com.qtpselenium.framework.SuiteA.TestA1" tests="11" failures="0" timestamp="31 Aug 2015 08:42:22 GMT" time="4.717" errors="0">
  <testcase name="SetUpDbConnection" time="0.81" classname="com.qtpselenium.framework.SuiteA.TestA1"/>
  <testcase name="ActiveShowsCountTest" time="0.269" classname="com.qtpselenium.framework.SuiteA.TestA1"/>
  <testcase name="ActiveShowsListTest" time="0.057" classname="com.qtpselenium.framework.SuiteA.TestA1"/>
  <testcase name="GetAsset_Shows_Users_Count" time="0.087" classname="com.qtpselenium.framework.SuiteA.TestA1"/>
  <testcase name="GetAsset_Shows_Users_Count" time="0.06" classname="com.qtpselenium.framework.SuiteA.TestA1"/>
  <testcase name="GetAsset_Shows_Users_Count" time="0.06" classname="com.qtpselenium.framework.SuiteA.TestA1"/>
  <testcase name="GetAsset_Shows_Users_Count" time="0.037" classname="com.qtpselenium.framework.SuiteA.TestA1"/>
  <testcase name="GetAssetsinShowTest" time="0.061" classname="com.qtpselenium.framework.SuiteA.TestA1"/>
  <testcase name="GetAssetsinShowTest" time="0.044" classname="com.qtpselenium.framework.SuiteA.TestA1"/>
  <testcase name="GetAssetsinShowTest" time="0.038" classname="com.qtpselenium.framework.SuiteA.TestA1"/>
  <testcase name="CloseDbConnection" time="0.067" classname="com.qtpselenium.framework.SuiteA.TestA1"/>
</testsuite>
